<?xml version="1.0" encoding="UTF-8"?>
<!-- Generated by org.testng.reporters.JUnitReportReporter -->
<testsuite skipped="0" hostname="NavTech-PC" name="mavenProject.ScarbroughMavenProject.ExecutionOrder" tests="3" failures="0" timestamp="24 Feb 2019 16:30:26 GMT" time="0.027" errors="0">
  <testcase name="login" time="0.025" classname="mavenProject.ScarbroughMavenProject.ExecutionOrder"/>
  <testcase name="booking" time="0.001" classname="mavenProject.ScarbroughMavenProject.ExecutionOrder"/>
  <testcase name="logout" time="0.001" classname="mavenProject.ScarbroughMavenProject.ExecutionOrder"/>
</testsuite> <!-- mavenProject.ScarbroughMavenProject.ExecutionOrder -->
