<?xml version="1.0" encoding="UTF-8"?>
<!-- Generated by org.testng.reporters.JUnitReportReporter -->
<testsuite skipped="0" hostname="NavTech-PC" name="mavenProject.ScarbroughMavenProject.DepedingMethods" tests="2" failures="0" timestamp="24 Feb 2019 16:36:09 GMT" time="0.017" errors="0">
  <testcase name="login" time="0.015" classname="mavenProject.ScarbroughMavenProject.DepedingMethods"/>
  <testcase name="logout" time="0.002" classname="mavenProject.ScarbroughMavenProject.DepedingMethods"/>
</testsuite> <!-- mavenProject.ScarbroughMavenProject.DepedingMethods -->
