<?xml version="1.0" encoding="UTF-8"?>
<!-- Generated by org.testng.reporters.JUnitReportReporter -->
<testsuite skipped="0" hostname="NavTech-PC" name="mavenProject.ScarbroughMavenProject.FacebookUrl" tests="1" failures="0" timestamp="24 Feb 2019 16:18:46 GMT" time="6.908" errors="0">
  <testcase name="checkUrl" time="6.908" classname="mavenProject.ScarbroughMavenProject.FacebookUrl"/>
</testsuite> <!-- mavenProject.ScarbroughMavenProject.FacebookUrl -->
