<?xml version="1.0" encoding="UTF-8"?>
<!-- Generated by org.testng.reporters.JUnitReportReporter -->
<testsuite skipped="0" hostname="NavTech-PC" name="mavenProject.ScarbroughMavenProject.Annotations" tests="2" failures="0" timestamp="24 Feb 2019 17:04:06 GMT" time="0.008" errors="0">
  <testcase name="bookTickets" time="0.007" classname="mavenProject.ScarbroughMavenProject.Annotations"/>
  <testcase name="cancelTickets" time="0.001" classname="mavenProject.ScarbroughMavenProject.Annotations"/>
</testsuite> <!-- mavenProject.ScarbroughMavenProject.Annotations -->
