<?xml version="1.0" encoding="UTF-8"?>
<!-- Generated by org.testng.reporters.JUnitReportReporter -->
<testsuite skipped="0" hostname="NavTech-PC" name="mavenProject.ScarbroughMavenProject.SampleTestNGCode" tests="1" failures="0" timestamp="24 Feb 2019 16:18:46 GMT" time="0.011" errors="0">
  <testcase name="displayMessage" time="0.011" classname="mavenProject.ScarbroughMavenProject.SampleTestNGCode"/>
</testsuite> <!-- mavenProject.ScarbroughMavenProject.SampleTestNGCode -->
